<?xml version="1.0" encoding="UTF-8"?>
<!-- Generated by org.testng.reporters.JUnitReportReporter -->
<testsuite skipped="0" hostname="ETG-Soujanya" name="Sample.sample.AppTest" tests="1" failures="0" timestamp="2021-03-26T22:47:04 IST" time="0.014" errors="0">
  <testcase name="testApp" time="0.014" classname="Sample.sample.AppTest"/>
</testsuite> <!-- Sample.sample.AppTest -->
