<?xml version="1.0" encoding="UTF-8"?>
<!-- Generated by org.testng.reporters.JUnitReportReporter -->
<testsuite skipped="0" hostname="ETG-Soujanya" name="Sample.sample.AppDne" tests="2" failures="0" timestamp="2021-03-26T22:28:08 IST" time="4.898" errors="0">
  <testcase name="testApp" time="0.001" classname="Sample.sample.AppDne"/>
  <testcase name="chromeTest" time="4.897" classname="Sample.sample.AppDne"/>
</testsuite> <!-- Sample.sample.AppDne -->
